CRITICAL - 2025-09-21 04:54:00 --> ErrorException: include(/opt/homebrew/var/www/cold-cortex/app/Views/includes/header.php): Failed to open stream: No such file or directory
[Method: GET, Route: /]
in APPPATH/Views/home.php on line 10.
 1 APPPATH/Views/home.php(10): CodeIgniter\Debug\Exceptions->errorHandler(2, 'include(/opt/homebrew/var/www/cold-cortex/app/Views/includes/header.php): Failed to open stream: No such file or directory', '/opt/homebrew/var/www/cold-cortex/app/Views/home.php', 10)
 2 APPPATH/Views/home.php(10): include()
 3 SYSTEMPATH/View/View.php(226): include('/opt/homebrew/var/www/cold-cortex/app/Views/home.php')
 4 SYSTEMPATH/View/View.php(229): CodeIgniter\View\View->{closure:CodeIgniter\View\View::render():223}()
 5 SYSTEMPATH/Common.php(1167): CodeIgniter\View\View->render('home', [], true)
 6 APPPATH/Controllers/Home.php(9): view('home')
 7 SYSTEMPATH/CodeIgniter.php(933): App\Controllers\Home->index()
 8 SYSTEMPATH/CodeIgniter.php(507): CodeIgniter\CodeIgniter->runController(Object(App\Controllers\Home))
 9 SYSTEMPATH/CodeIgniter.php(354): CodeIgniter\CodeIgniter->handleRequest(null, Object(Config\Cache), false)
10 SYSTEMPATH/Boot.php(363): CodeIgniter\CodeIgniter->run()
11 SYSTEMPATH/Boot.php(68): CodeIgniter\Boot::runCodeIgniter(Object(CodeIgniter\CodeIgniter))
12 FCPATH/index.php(59): CodeIgniter\Boot::bootWeb(Object(Config\Paths))
CRITICAL - 2025-09-21 04:55:10 --> ErrorException: include(/opt/homebrew/var/www/cold-cortex/app/Views/includes/header.php): Failed to open stream: No such file or directory
[Method: GET, Route: /]
in APPPATH/Views/home.php on line 10.
 1 APPPATH/Views/home.php(10): CodeIgniter\Debug\Exceptions->errorHandler(2, 'include(/opt/homebrew/var/www/cold-cortex/app/Views/includes/header.php): Failed to open stream: No such file or directory', '/opt/homebrew/var/www/cold-cortex/app/Views/home.php', 10)
 2 APPPATH/Views/home.php(10): include()
 3 SYSTEMPATH/View/View.php(226): include('/opt/homebrew/var/www/cold-cortex/app/Views/home.php')
 4 SYSTEMPATH/View/View.php(229): CodeIgniter\View\View->{closure:CodeIgniter\View\View::render():223}()
 5 SYSTEMPATH/Common.php(1167): CodeIgniter\View\View->render('home', [], true)
 6 APPPATH/Controllers/Home.php(9): view('home')
 7 SYSTEMPATH/CodeIgniter.php(933): App\Controllers\Home->index()
 8 SYSTEMPATH/CodeIgniter.php(507): CodeIgniter\CodeIgniter->runController(Object(App\Controllers\Home))
 9 SYSTEMPATH/CodeIgniter.php(354): CodeIgniter\CodeIgniter->handleRequest(null, Object(Config\Cache), false)
10 SYSTEMPATH/Boot.php(363): CodeIgniter\CodeIgniter->run()
11 SYSTEMPATH/Boot.php(68): CodeIgniter\Boot::runCodeIgniter(Object(CodeIgniter\CodeIgniter))
12 FCPATH/index.php(59): CodeIgniter\Boot::bootWeb(Object(Config\Paths))
CRITICAL - 2025-09-21 04:57:42 --> ErrorException: include(/opt/homebrew/var/www/cold-cortex/app/Views/includes/header.php): Failed to open stream: No such file or directory
[Method: GET, Route: /]
in APPPATH/Views/home.php on line 10.
 1 APPPATH/Views/home.php(10): CodeIgniter\Debug\Exceptions->errorHandler(2, 'include(/opt/homebrew/var/www/cold-cortex/app/Views/includes/header.php): Failed to open stream: No such file or directory', '/opt/homebrew/var/www/cold-cortex/app/Views/home.php', 10)
 2 APPPATH/Views/home.php(10): include()
 3 SYSTEMPATH/View/View.php(226): include('/opt/homebrew/var/www/cold-cortex/app/Views/home.php')
 4 SYSTEMPATH/View/View.php(229): CodeIgniter\View\View->{closure:CodeIgniter\View\View::render():223}()
 5 SYSTEMPATH/Common.php(1167): CodeIgniter\View\View->render('home', [], true)
 6 APPPATH/Controllers/Home.php(9): view('home')
 7 SYSTEMPATH/CodeIgniter.php(933): App\Controllers\Home->index()
 8 SYSTEMPATH/CodeIgniter.php(507): CodeIgniter\CodeIgniter->runController(Object(App\Controllers\Home))
 9 SYSTEMPATH/CodeIgniter.php(354): CodeIgniter\CodeIgniter->handleRequest(null, Object(Config\Cache), false)
10 SYSTEMPATH/Boot.php(363): CodeIgniter\CodeIgniter->run()
11 SYSTEMPATH/Boot.php(68): CodeIgniter\Boot::runCodeIgniter(Object(CodeIgniter\CodeIgniter))
12 FCPATH/index.php(59): CodeIgniter\Boot::bootWeb(Object(Config\Paths))
CRITICAL - 2025-09-21 04:59:31 --> ErrorException: include(/opt/homebrew/var/www/cold-cortex/app/Views/includes/header.php): Failed to open stream: No such file or directory
[Method: GET, Route: /]
in APPPATH/Views/home.php on line 10.
 1 APPPATH/Views/home.php(10): CodeIgniter\Debug\Exceptions->errorHandler(2, 'include(/opt/homebrew/var/www/cold-cortex/app/Views/includes/header.php): Failed to open stream: No such file or directory', '/opt/homebrew/var/www/cold-cortex/app/Views/home.php', 10)
 2 APPPATH/Views/home.php(10): include()
 3 SYSTEMPATH/View/View.php(226): include('/opt/homebrew/var/www/cold-cortex/app/Views/home.php')
 4 SYSTEMPATH/View/View.php(229): CodeIgniter\View\View->{closure:CodeIgniter\View\View::render():223}()
 5 SYSTEMPATH/Common.php(1167): CodeIgniter\View\View->render('home', [], true)
 6 APPPATH/Controllers/Home.php(9): view('home')
 7 SYSTEMPATH/CodeIgniter.php(933): App\Controllers\Home->index()
 8 SYSTEMPATH/CodeIgniter.php(507): CodeIgniter\CodeIgniter->runController(Object(App\Controllers\Home))
 9 SYSTEMPATH/CodeIgniter.php(354): CodeIgniter\CodeIgniter->handleRequest(null, Object(Config\Cache), false)
10 SYSTEMPATH/Boot.php(363): CodeIgniter\CodeIgniter->run()
11 SYSTEMPATH/Boot.php(68): CodeIgniter\Boot::runCodeIgniter(Object(CodeIgniter\CodeIgniter))
12 FCPATH/index.php(59): CodeIgniter\Boot::bootWeb(Object(Config\Paths))
CRITICAL - 2025-09-21 04:59:56 --> ErrorException: include(/opt/homebrew/var/www/cold-cortex/app/Views/includes/header.php): Failed to open stream: No such file or directory
[Method: GET, Route: /]
in APPPATH/Views/home.php on line 10.
 1 APPPATH/Views/home.php(10): CodeIgniter\Debug\Exceptions->errorHandler(2, 'include(/opt/homebrew/var/www/cold-cortex/app/Views/includes/header.php): Failed to open stream: No such file or directory', '/opt/homebrew/var/www/cold-cortex/app/Views/home.php', 10)
 2 APPPATH/Views/home.php(10): include()
 3 SYSTEMPATH/View/View.php(226): include('/opt/homebrew/var/www/cold-cortex/app/Views/home.php')
 4 SYSTEMPATH/View/View.php(229): CodeIgniter\View\View->{closure:CodeIgniter\View\View::render():223}()
 5 SYSTEMPATH/Common.php(1167): CodeIgniter\View\View->render('home', [], true)
 6 APPPATH/Controllers/Home.php(9): view('home')
 7 SYSTEMPATH/CodeIgniter.php(933): App\Controllers\Home->index()
 8 SYSTEMPATH/CodeIgniter.php(507): CodeIgniter\CodeIgniter->runController(Object(App\Controllers\Home))
 9 SYSTEMPATH/CodeIgniter.php(354): CodeIgniter\CodeIgniter->handleRequest(null, Object(Config\Cache), false)
10 SYSTEMPATH/Boot.php(363): CodeIgniter\CodeIgniter->run()
11 SYSTEMPATH/Boot.php(68): CodeIgniter\Boot::runCodeIgniter(Object(CodeIgniter\CodeIgniter))
12 FCPATH/index.php(59): CodeIgniter\Boot::bootWeb(Object(Config\Paths))
CRITICAL - 2025-09-21 05:01:16 --> ErrorException: include(/opt/homebrew/var/www/cold-cortex/app/Views/includes/header.php): Failed to open stream: No such file or directory
[Method: GET, Route: /]
in APPPATH/Views/home.php on line 10.
 1 APPPATH/Views/home.php(10): CodeIgniter\Debug\Exceptions->errorHandler(2, 'include(/opt/homebrew/var/www/cold-cortex/app/Views/includes/header.php): Failed to open stream: No such file or directory', '/opt/homebrew/var/www/cold-cortex/app/Views/home.php', 10)
 2 APPPATH/Views/home.php(10): include()
 3 SYSTEMPATH/View/View.php(226): include('/opt/homebrew/var/www/cold-cortex/app/Views/home.php')
 4 SYSTEMPATH/View/View.php(229): CodeIgniter\View\View->{closure:CodeIgniter\View\View::render():223}()
 5 SYSTEMPATH/Common.php(1167): CodeIgniter\View\View->render('home', [], true)
 6 APPPATH/Controllers/Home.php(9): view('home')
 7 SYSTEMPATH/CodeIgniter.php(933): App\Controllers\Home->index()
 8 SYSTEMPATH/CodeIgniter.php(507): CodeIgniter\CodeIgniter->runController(Object(App\Controllers\Home))
 9 SYSTEMPATH/CodeIgniter.php(354): CodeIgniter\CodeIgniter->handleRequest(null, Object(Config\Cache), false)
10 SYSTEMPATH/Boot.php(363): CodeIgniter\CodeIgniter->run()
11 SYSTEMPATH/Boot.php(68): CodeIgniter\Boot::runCodeIgniter(Object(CodeIgniter\CodeIgniter))
12 FCPATH/index.php(59): CodeIgniter\Boot::bootWeb(Object(Config\Paths))
