2025-09-20 12:29:58 error: [Cake\View\Exception\MissingElementException] Element file `header.php` could not be found.

The following paths were searched:

- `/opt/homebrew/var/www/cold-cortex/cold-cortex/templates/element/header.php`
- `/opt/homebrew/var/www/cold-cortex/cold-cortex/vendor/cakephp/cakephp/templates/element/header.php`
 in /opt/homebrew/var/www/cold-cortex/cold-cortex/vendor/cakephp/cakephp/src/View/View.php on line 685
Exception Attributes: array (
  'file' => 'header.php',
  'paths' => 
  array (
    0 => '/opt/homebrew/var/www/cold-cortex/cold-cortex/templates/element/',
    1 => '/opt/homebrew/var/www/cold-cortex/cold-cortex/vendor/cakephp/cakephp/templates/element/',
  ),
)
Stack Trace:
- ROOT/templates/Pages/home.php:80
- CORE/src/View/View.php:1187
- CORE/src/View/View.php:1144
- CORE/src/View/View.php:785
- CORE/src/Controller/Controller.php:712
- APP/Controller/PagesController.php:65
- CORE/src/Controller/Controller.php:505
- CORE/src/Controller/ControllerFactory.php:166
- CORE/src/Controller/ControllerFactory.php:141
- CORE/src/Http/BaseApplication.php:362
- CORE/src/Http/Runner.php:86
- CORE/src/Http/Middleware/CsrfProtectionMiddleware.php:169
- CORE/src/Http/Runner.php:82
- CORE/src/Http/Middleware/BodyParserMiddleware.php:157
- CORE/src/Http/Runner.php:82
- CORE/src/Routing/Middleware/RoutingMiddleware.php:117
- CORE/src/Http/Runner.php:82
- CORE/src/Routing/Middleware/AssetMiddleware.php:70
- CORE/src/Http/Runner.php:82
- CORE/src/Error/Middleware/ErrorHandlerMiddleware.php:115
- CORE/src/Http/Runner.php:82
- ROOT/vendor/cakephp/debug_kit/src/Middleware/DebugKitMiddleware.php:60
- CORE/src/Http/Runner.php:82
- CORE/src/Http/Runner.php:60
- CORE/src/Http/Server.php:104
- ROOT/webroot/index.php:37
- [main]:

Request URL: /
Client IP: 127.0.0.1
2025-09-20 12:31:51 error: [Cake\View\Exception\MissingElementException] Element file `header.php` could not be found.

The following paths were searched:

- `/opt/homebrew/var/www/cold-cortex/cold-cortex/templates/element/header.php`
- `/opt/homebrew/var/www/cold-cortex/cold-cortex/vendor/cakephp/cakephp/templates/element/header.php`
 in /opt/homebrew/var/www/cold-cortex/cold-cortex/vendor/cakephp/cakephp/src/View/View.php on line 685
Exception Attributes: array (
  'file' => 'header.php',
  'paths' => 
  array (
    0 => '/opt/homebrew/var/www/cold-cortex/cold-cortex/templates/element/',
    1 => '/opt/homebrew/var/www/cold-cortex/cold-cortex/vendor/cakephp/cakephp/templates/element/',
  ),
)
Stack Trace:
- ROOT/templates/Pages/home.php:82
- CORE/src/View/View.php:1187
- CORE/src/View/View.php:1144
- CORE/src/View/View.php:785
- CORE/src/Controller/Controller.php:712
- APP/Controller/PagesController.php:65
- CORE/src/Controller/Controller.php:505
- CORE/src/Controller/ControllerFactory.php:166
- CORE/src/Controller/ControllerFactory.php:141
- CORE/src/Http/BaseApplication.php:362
- CORE/src/Http/Runner.php:86
- CORE/src/Http/Middleware/CsrfProtectionMiddleware.php:169
- CORE/src/Http/Runner.php:82
- CORE/src/Http/Middleware/BodyParserMiddleware.php:157
- CORE/src/Http/Runner.php:82
- CORE/src/Routing/Middleware/RoutingMiddleware.php:117
- CORE/src/Http/Runner.php:82
- CORE/src/Routing/Middleware/AssetMiddleware.php:70
- CORE/src/Http/Runner.php:82
- CORE/src/Error/Middleware/ErrorHandlerMiddleware.php:115
- CORE/src/Http/Runner.php:82
- ROOT/vendor/cakephp/debug_kit/src/Middleware/DebugKitMiddleware.php:60
- CORE/src/Http/Runner.php:82
- CORE/src/Http/Runner.php:60
- CORE/src/Http/Server.php:104
- ROOT/webroot/index.php:37
- [main]:

Request URL: /
Client IP: 127.0.0.1
2025-09-20 12:32:41 error: [Cake\View\Exception\MissingElementException] Element file `header.php` could not be found.

The following paths were searched:

- `/opt/homebrew/var/www/cold-cortex/cold-cortex/templates/element/header.php`
- `/opt/homebrew/var/www/cold-cortex/cold-cortex/vendor/cakephp/cakephp/templates/element/header.php`
 in /opt/homebrew/var/www/cold-cortex/cold-cortex/vendor/cakephp/cakephp/src/View/View.php on line 685
Exception Attributes: array (
  'file' => 'header.php',
  'paths' => 
  array (
    0 => '/opt/homebrew/var/www/cold-cortex/cold-cortex/templates/element/',
    1 => '/opt/homebrew/var/www/cold-cortex/cold-cortex/vendor/cakephp/cakephp/templates/element/',
  ),
)
Stack Trace:
- ROOT/templates/Pages/home.php:82
- CORE/src/View/View.php:1187
- CORE/src/View/View.php:1144
- CORE/src/View/View.php:785
- CORE/src/Controller/Controller.php:712
- APP/Controller/PagesController.php:65
- CORE/src/Controller/Controller.php:505
- CORE/src/Controller/ControllerFactory.php:166
- CORE/src/Controller/ControllerFactory.php:141
- CORE/src/Http/BaseApplication.php:362
- CORE/src/Http/Runner.php:86
- CORE/src/Http/Middleware/CsrfProtectionMiddleware.php:169
- CORE/src/Http/Runner.php:82
- CORE/src/Http/Middleware/BodyParserMiddleware.php:157
- CORE/src/Http/Runner.php:82
- CORE/src/Routing/Middleware/RoutingMiddleware.php:117
- CORE/src/Http/Runner.php:82
- CORE/src/Routing/Middleware/AssetMiddleware.php:70
- CORE/src/Http/Runner.php:82
- CORE/src/Error/Middleware/ErrorHandlerMiddleware.php:115
- CORE/src/Http/Runner.php:82
- ROOT/vendor/cakephp/debug_kit/src/Middleware/DebugKitMiddleware.php:60
- CORE/src/Http/Runner.php:82
- CORE/src/Http/Runner.php:60
- CORE/src/Http/Server.php:104
- ROOT/webroot/index.php:37
- [main]:

Request URL: /
Client IP: 127.0.0.1
2025-09-20 12:32:43 error: [Cake\View\Exception\MissingElementException] Element file `header.php` could not be found.

The following paths were searched:

- `/opt/homebrew/var/www/cold-cortex/cold-cortex/templates/element/header.php`
- `/opt/homebrew/var/www/cold-cortex/cold-cortex/vendor/cakephp/cakephp/templates/element/header.php`
 in /opt/homebrew/var/www/cold-cortex/cold-cortex/vendor/cakephp/cakephp/src/View/View.php on line 685
Exception Attributes: array (
  'file' => 'header.php',
  'paths' => 
  array (
    0 => '/opt/homebrew/var/www/cold-cortex/cold-cortex/templates/element/',
    1 => '/opt/homebrew/var/www/cold-cortex/cold-cortex/vendor/cakephp/cakephp/templates/element/',
  ),
)
Stack Trace:
- ROOT/templates/Pages/home.php:82
- CORE/src/View/View.php:1187
- CORE/src/View/View.php:1144
- CORE/src/View/View.php:785
- CORE/src/Controller/Controller.php:712
- APP/Controller/PagesController.php:65
- CORE/src/Controller/Controller.php:505
- CORE/src/Controller/ControllerFactory.php:166
- CORE/src/Controller/ControllerFactory.php:141
- CORE/src/Http/BaseApplication.php:362
- CORE/src/Http/Runner.php:86
- CORE/src/Http/Middleware/CsrfProtectionMiddleware.php:169
- CORE/src/Http/Runner.php:82
- CORE/src/Http/Middleware/BodyParserMiddleware.php:157
- CORE/src/Http/Runner.php:82
- CORE/src/Routing/Middleware/RoutingMiddleware.php:117
- CORE/src/Http/Runner.php:82
- CORE/src/Routing/Middleware/AssetMiddleware.php:70
- CORE/src/Http/Runner.php:82
- CORE/src/Error/Middleware/ErrorHandlerMiddleware.php:115
- CORE/src/Http/Runner.php:82
- ROOT/vendor/cakephp/debug_kit/src/Middleware/DebugKitMiddleware.php:60
- CORE/src/Http/Runner.php:82
- CORE/src/Http/Runner.php:60
- CORE/src/Http/Server.php:104
- ROOT/webroot/index.php:37
- [main]:

Request URL: /
Client IP: 127.0.0.1
2025-09-20 12:50:44 error: [Cake\Http\Exception\MissingControllerException] Controller class `Css` could not be found. in /opt/homebrew/var/www/cold-cortex/cakephp/vendor/cakephp/cakephp/src/Controller/ControllerFactory.php on line 335
Exception Attributes: array (
  'controller' => 'Css',
  'plugin' => NULL,
  'prefix' => NULL,
  '_ext' => NULL,
)
Stack Trace:
- CORE/src/Controller/ControllerFactory.php:77
- CORE/src/Http/BaseApplication.php:360
- CORE/src/Http/Runner.php:86
- CORE/src/Http/Middleware/CsrfProtectionMiddleware.php:169
- CORE/src/Http/Runner.php:82
- CORE/src/Http/Middleware/BodyParserMiddleware.php:157
- CORE/src/Http/Runner.php:82
- CORE/src/Routing/Middleware/RoutingMiddleware.php:117
- CORE/src/Http/Runner.php:82
- CORE/src/Routing/Middleware/AssetMiddleware.php:79
- CORE/src/Http/Runner.php:82
- CORE/src/Error/Middleware/ErrorHandlerMiddleware.php:115
- CORE/src/Http/Runner.php:82
- ROOT/vendor/cakephp/debug_kit/src/Middleware/DebugKitMiddleware.php:60
- CORE/src/Http/Runner.php:82
- CORE/src/Http/Runner.php:60
- CORE/src/Http/Server.php:104
- ROOT/webroot/index.php:37
- [main]:

Request URL: /css/home.css
Referer URL: http://cold-cortex.local:8080/
Client IP: 127.0.0.1
2025-09-20 12:50:44 error: [Cake\Http\Exception\MissingControllerException] Controller class `Css` could not be found. in /opt/homebrew/var/www/cold-cortex/cakephp/vendor/cakephp/cakephp/src/Controller/ControllerFactory.php on line 335
Exception Attributes: array (
  'controller' => 'Css',
  'plugin' => NULL,
  'prefix' => NULL,
  '_ext' => NULL,
)
Stack Trace:
- CORE/src/Controller/ControllerFactory.php:77
- CORE/src/Http/BaseApplication.php:360
- CORE/src/Http/Runner.php:86
- CORE/src/Http/Middleware/CsrfProtectionMiddleware.php:169
- CORE/src/Http/Runner.php:82
- CORE/src/Http/Middleware/BodyParserMiddleware.php:157
- CORE/src/Http/Runner.php:82
- CORE/src/Routing/Middleware/RoutingMiddleware.php:117
- CORE/src/Http/Runner.php:82
- CORE/src/Routing/Middleware/AssetMiddleware.php:79
- CORE/src/Http/Runner.php:82
- CORE/src/Error/Middleware/ErrorHandlerMiddleware.php:115
- CORE/src/Http/Runner.php:82
- ROOT/vendor/cakephp/debug_kit/src/Middleware/DebugKitMiddleware.php:60
- CORE/src/Http/Runner.php:82
- CORE/src/Http/Runner.php:60
- CORE/src/Http/Server.php:104
- ROOT/webroot/index.php:37
- [main]:

Request URL: /css/milligram.min.css
Referer URL: http://cold-cortex.local:8080/
Client IP: 127.0.0.1
2025-09-20 12:50:44 error: [Cake\Http\Exception\MissingControllerException] Controller class `Css` could not be found. in /opt/homebrew/var/www/cold-cortex/cakephp/vendor/cakephp/cakephp/src/Controller/ControllerFactory.php on line 335
Exception Attributes: array (
  'controller' => 'Css',
  'plugin' => NULL,
  'prefix' => NULL,
  '_ext' => NULL,
)
Stack Trace:
- CORE/src/Controller/ControllerFactory.php:77
- CORE/src/Http/BaseApplication.php:360
- CORE/src/Http/Runner.php:86
- CORE/src/Http/Middleware/CsrfProtectionMiddleware.php:169
- CORE/src/Http/Runner.php:82
- CORE/src/Http/Middleware/BodyParserMiddleware.php:157
- CORE/src/Http/Runner.php:82
- CORE/src/Routing/Middleware/RoutingMiddleware.php:117
- CORE/src/Http/Runner.php:82
- CORE/src/Routing/Middleware/AssetMiddleware.php:79
- CORE/src/Http/Runner.php:82
- CORE/src/Error/Middleware/ErrorHandlerMiddleware.php:115
- CORE/src/Http/Runner.php:82
- ROOT/vendor/cakephp/debug_kit/src/Middleware/DebugKitMiddleware.php:60
- CORE/src/Http/Runner.php:82
- CORE/src/Http/Runner.php:60
- CORE/src/Http/Server.php:104
- ROOT/webroot/index.php:37
- [main]:

Request URL: /css/cake.css
Referer URL: http://cold-cortex.local:8080/
Client IP: 127.0.0.1
2025-09-20 12:50:44 error: [Cake\Http\Exception\MissingControllerException] Controller class `Css` could not be found. in /opt/homebrew/var/www/cold-cortex/cakephp/vendor/cakephp/cakephp/src/Controller/ControllerFactory.php on line 335
Exception Attributes: array (
  'controller' => 'Css',
  'plugin' => NULL,
  'prefix' => NULL,
  '_ext' => NULL,
)
Stack Trace:
- CORE/src/Controller/ControllerFactory.php:77
- CORE/src/Http/BaseApplication.php:360
- CORE/src/Http/Runner.php:86
- CORE/src/Http/Middleware/CsrfProtectionMiddleware.php:169
- CORE/src/Http/Runner.php:82
- CORE/src/Http/Middleware/BodyParserMiddleware.php:157
- CORE/src/Http/Runner.php:82
- CORE/src/Routing/Middleware/RoutingMiddleware.php:117
- CORE/src/Http/Runner.php:82
- CORE/src/Routing/Middleware/AssetMiddleware.php:79
- CORE/src/Http/Runner.php:82
- CORE/src/Error/Middleware/ErrorHandlerMiddleware.php:115
- CORE/src/Http/Runner.php:82
- ROOT/vendor/cakephp/debug_kit/src/Middleware/DebugKitMiddleware.php:60
- CORE/src/Http/Runner.php:82
- CORE/src/Http/Runner.php:60
- CORE/src/Http/Server.php:104
- ROOT/webroot/index.php:37
- [main]:

Request URL: /css/normalize.min.css
Referer URL: http://cold-cortex.local:8080/
Client IP: 127.0.0.1
2025-09-20 12:50:44 error: [Cake\Http\Exception\MissingControllerException] Controller class `Css` could not be found. in /opt/homebrew/var/www/cold-cortex/cakephp/vendor/cakephp/cakephp/src/Controller/ControllerFactory.php on line 335
Exception Attributes: array (
  'controller' => 'Css',
  'plugin' => NULL,
  'prefix' => NULL,
  '_ext' => NULL,
)
Stack Trace:
- CORE/src/Controller/ControllerFactory.php:77
- CORE/src/Http/BaseApplication.php:360
- CORE/src/Http/Runner.php:86
- CORE/src/Http/Middleware/CsrfProtectionMiddleware.php:169
- CORE/src/Http/Runner.php:82
- CORE/src/Http/Middleware/BodyParserMiddleware.php:157
- CORE/src/Http/Runner.php:82
- CORE/src/Routing/Middleware/RoutingMiddleware.php:117
- CORE/src/Http/Runner.php:82
- CORE/src/Routing/Middleware/AssetMiddleware.php:79
- CORE/src/Http/Runner.php:82
- CORE/src/Error/Middleware/ErrorHandlerMiddleware.php:115
- CORE/src/Http/Runner.php:82
- ROOT/vendor/cakephp/debug_kit/src/Middleware/DebugKitMiddleware.php:60
- CORE/src/Http/Runner.php:82
- CORE/src/Http/Runner.php:60
- CORE/src/Http/Server.php:104
- ROOT/webroot/index.php:37
- [main]:

Request URL: /css/fonts.css
Referer URL: http://cold-cortex.local:8080/
Client IP: 127.0.0.1
2025-09-20 12:55:17 error: [Cake\Http\Exception\MissingControllerException] Controller class `Css` could not be found. in /opt/homebrew/var/www/cold-cortex/cakephp/vendor/cakephp/cakephp/src/Controller/ControllerFactory.php on line 335
Exception Attributes: array (
  'controller' => 'Css',
  'plugin' => NULL,
  'prefix' => NULL,
  '_ext' => NULL,
)
Stack Trace:
- CORE/src/Controller/ControllerFactory.php:77
- CORE/src/Http/BaseApplication.php:360
- CORE/src/Http/Runner.php:86
- CORE/src/Http/Middleware/CsrfProtectionMiddleware.php:169
- CORE/src/Http/Runner.php:82
- CORE/src/Http/Middleware/BodyParserMiddleware.php:157
- CORE/src/Http/Runner.php:82
- CORE/src/Routing/Middleware/RoutingMiddleware.php:117
- CORE/src/Http/Runner.php:82
- CORE/src/Routing/Middleware/AssetMiddleware.php:79
- CORE/src/Http/Runner.php:82
- CORE/src/Error/Middleware/ErrorHandlerMiddleware.php:115
- CORE/src/Http/Runner.php:82
- ROOT/vendor/cakephp/debug_kit/src/Middleware/DebugKitMiddleware.php:60
- CORE/src/Http/Runner.php:82
- CORE/src/Http/Runner.php:60
- CORE/src/Http/Server.php:104
- ROOT/webroot/index.php:37
- [main]:

Request URL: /css/normalize.min.css
Referer URL: http://cold-cortex.local:8080/
Client IP: 127.0.0.1
2025-09-20 12:55:17 error: [Cake\Http\Exception\MissingControllerException] Controller class `Css` could not be found. in /opt/homebrew/var/www/cold-cortex/cakephp/vendor/cakephp/cakephp/src/Controller/ControllerFactory.php on line 335
Exception Attributes: array (
  'controller' => 'Css',
  'plugin' => NULL,
  'prefix' => NULL,
  '_ext' => NULL,
)
Stack Trace:
- CORE/src/Controller/ControllerFactory.php:77
- CORE/src/Http/BaseApplication.php:360
- CORE/src/Http/Runner.php:86
- CORE/src/Http/Middleware/CsrfProtectionMiddleware.php:169
- CORE/src/Http/Runner.php:82
- CORE/src/Http/Middleware/BodyParserMiddleware.php:157
- CORE/src/Http/Runner.php:82
- CORE/src/Routing/Middleware/RoutingMiddleware.php:117
- CORE/src/Http/Runner.php:82
- CORE/src/Routing/Middleware/AssetMiddleware.php:79
- CORE/src/Http/Runner.php:82
- CORE/src/Error/Middleware/ErrorHandlerMiddleware.php:115
- CORE/src/Http/Runner.php:82
- ROOT/vendor/cakephp/debug_kit/src/Middleware/DebugKitMiddleware.php:60
- CORE/src/Http/Runner.php:82
- CORE/src/Http/Runner.php:60
- CORE/src/Http/Server.php:104
- ROOT/webroot/index.php:37
- [main]:

Request URL: /css/home.css
Referer URL: http://cold-cortex.local:8080/
Client IP: 127.0.0.1
2025-09-20 12:55:17 error: [Cake\Http\Exception\MissingControllerException] Controller class `Css` could not be found. in /opt/homebrew/var/www/cold-cortex/cakephp/vendor/cakephp/cakephp/src/Controller/ControllerFactory.php on line 335
Exception Attributes: array (
  'controller' => 'Css',
  'plugin' => NULL,
  'prefix' => NULL,
  '_ext' => NULL,
)
Stack Trace:
- CORE/src/Controller/ControllerFactory.php:77
- CORE/src/Http/BaseApplication.php:360
- CORE/src/Http/Runner.php:86
- CORE/src/Http/Middleware/CsrfProtectionMiddleware.php:169
- CORE/src/Http/Runner.php:82
- CORE/src/Http/Middleware/BodyParserMiddleware.php:157
- CORE/src/Http/Runner.php:82
- CORE/src/Routing/Middleware/RoutingMiddleware.php:117
- CORE/src/Http/Runner.php:82
- CORE/src/Routing/Middleware/AssetMiddleware.php:79
- CORE/src/Http/Runner.php:82
- CORE/src/Error/Middleware/ErrorHandlerMiddleware.php:115
- CORE/src/Http/Runner.php:82
- ROOT/vendor/cakephp/debug_kit/src/Middleware/DebugKitMiddleware.php:60
- CORE/src/Http/Runner.php:82
- CORE/src/Http/Runner.php:60
- CORE/src/Http/Server.php:104
- ROOT/webroot/index.php:37
- [main]:

Request URL: /css/cake.css
Referer URL: http://cold-cortex.local:8080/
Client IP: 127.0.0.1
2025-09-20 12:55:17 error: [Cake\Http\Exception\MissingControllerException] Controller class `Css` could not be found. in /opt/homebrew/var/www/cold-cortex/cakephp/vendor/cakephp/cakephp/src/Controller/ControllerFactory.php on line 335
Exception Attributes: array (
  'controller' => 'Css',
  'plugin' => NULL,
  'prefix' => NULL,
  '_ext' => NULL,
)
Stack Trace:
- CORE/src/Controller/ControllerFactory.php:77
- CORE/src/Http/BaseApplication.php:360
- CORE/src/Http/Runner.php:86
- CORE/src/Http/Middleware/CsrfProtectionMiddleware.php:169
- CORE/src/Http/Runner.php:82
- CORE/src/Http/Middleware/BodyParserMiddleware.php:157
- CORE/src/Http/Runner.php:82
- CORE/src/Routing/Middleware/RoutingMiddleware.php:117
- CORE/src/Http/Runner.php:82
- CORE/src/Routing/Middleware/AssetMiddleware.php:79
- CORE/src/Http/Runner.php:82
- CORE/src/Error/Middleware/ErrorHandlerMiddleware.php:115
- CORE/src/Http/Runner.php:82
- ROOT/vendor/cakephp/debug_kit/src/Middleware/DebugKitMiddleware.php:60
- CORE/src/Http/Runner.php:82
- CORE/src/Http/Runner.php:60
- CORE/src/Http/Server.php:104
- ROOT/webroot/index.php:37
- [main]:

Request URL: /css/milligram.min.css
Referer URL: http://cold-cortex.local:8080/
Client IP: 127.0.0.1
2025-09-20 12:55:17 error: [Cake\Http\Exception\MissingControllerException] Controller class `Css` could not be found. in /opt/homebrew/var/www/cold-cortex/cakephp/vendor/cakephp/cakephp/src/Controller/ControllerFactory.php on line 335
Exception Attributes: array (
  'controller' => 'Css',
  'plugin' => NULL,
  'prefix' => NULL,
  '_ext' => NULL,
)
Stack Trace:
- CORE/src/Controller/ControllerFactory.php:77
- CORE/src/Http/BaseApplication.php:360
- CORE/src/Http/Runner.php:86
- CORE/src/Http/Middleware/CsrfProtectionMiddleware.php:169
- CORE/src/Http/Runner.php:82
- CORE/src/Http/Middleware/BodyParserMiddleware.php:157
- CORE/src/Http/Runner.php:82
- CORE/src/Routing/Middleware/RoutingMiddleware.php:117
- CORE/src/Http/Runner.php:82
- CORE/src/Routing/Middleware/AssetMiddleware.php:79
- CORE/src/Http/Runner.php:82
- CORE/src/Error/Middleware/ErrorHandlerMiddleware.php:115
- CORE/src/Http/Runner.php:82
- ROOT/vendor/cakephp/debug_kit/src/Middleware/DebugKitMiddleware.php:60
- CORE/src/Http/Runner.php:82
- CORE/src/Http/Runner.php:60
- CORE/src/Http/Server.php:104
- ROOT/webroot/index.php:37
- [main]:

Request URL: /css/fonts.css
Referer URL: http://cold-cortex.local:8080/
Client IP: 127.0.0.1
2025-09-20 12:56:09 error: [Cake\Http\Exception\MissingControllerException] Controller class `Css` could not be found. in /opt/homebrew/var/www/cold-cortex/cakephp/vendor/cakephp/cakephp/src/Controller/ControllerFactory.php on line 335
Exception Attributes: array (
  'controller' => 'Css',
  'plugin' => NULL,
  'prefix' => NULL,
  '_ext' => NULL,
)
Stack Trace:
- CORE/src/Controller/ControllerFactory.php:77
- CORE/src/Http/BaseApplication.php:360
- CORE/src/Http/Runner.php:86
- CORE/src/Http/Middleware/CsrfProtectionMiddleware.php:169
- CORE/src/Http/Runner.php:82
- CORE/src/Http/Middleware/BodyParserMiddleware.php:157
- CORE/src/Http/Runner.php:82
- CORE/src/Routing/Middleware/RoutingMiddleware.php:117
- CORE/src/Http/Runner.php:82
- CORE/src/Routing/Middleware/AssetMiddleware.php:79
- CORE/src/Http/Runner.php:82
- CORE/src/Error/Middleware/ErrorHandlerMiddleware.php:115
- CORE/src/Http/Runner.php:82
- ROOT/vendor/cakephp/debug_kit/src/Middleware/DebugKitMiddleware.php:60
- CORE/src/Http/Runner.php:82
- CORE/src/Http/Runner.php:60
- CORE/src/Http/Server.php:104
- ROOT/webroot/index.php:37
- [main]:

Request URL: /css/milligram.min.css
Referer URL: http://cold-cortex.local:8080/
Client IP: 127.0.0.1
2025-09-20 12:56:09 error: [Cake\Http\Exception\MissingControllerException] Controller class `Css` could not be found. in /opt/homebrew/var/www/cold-cortex/cakephp/vendor/cakephp/cakephp/src/Controller/ControllerFactory.php on line 335
Exception Attributes: array (
  'controller' => 'Css',
  'plugin' => NULL,
  'prefix' => NULL,
  '_ext' => NULL,
)
Stack Trace:
- CORE/src/Controller/ControllerFactory.php:77
- CORE/src/Http/BaseApplication.php:360
- CORE/src/Http/Runner.php:86
- CORE/src/Http/Middleware/CsrfProtectionMiddleware.php:169
- CORE/src/Http/Runner.php:82
- CORE/src/Http/Middleware/BodyParserMiddleware.php:157
- CORE/src/Http/Runner.php:82
- CORE/src/Routing/Middleware/RoutingMiddleware.php:117
- CORE/src/Http/Runner.php:82
- CORE/src/Routing/Middleware/AssetMiddleware.php:79
- CORE/src/Http/Runner.php:82
- CORE/src/Error/Middleware/ErrorHandlerMiddleware.php:115
- CORE/src/Http/Runner.php:82
- ROOT/vendor/cakephp/debug_kit/src/Middleware/DebugKitMiddleware.php:60
- CORE/src/Http/Runner.php:82
- CORE/src/Http/Runner.php:60
- CORE/src/Http/Server.php:104
- ROOT/webroot/index.php:37
- [main]:

Request URL: /css/fonts.css
Referer URL: http://cold-cortex.local:8080/
Client IP: 127.0.0.1
2025-09-20 12:56:09 error: [Cake\Http\Exception\MissingControllerException] Controller class `Css` could not be found. in /opt/homebrew/var/www/cold-cortex/cakephp/vendor/cakephp/cakephp/src/Controller/ControllerFactory.php on line 335
Exception Attributes: array (
  'controller' => 'Css',
  'plugin' => NULL,
  'prefix' => NULL,
  '_ext' => NULL,
)
Stack Trace:
- CORE/src/Controller/ControllerFactory.php:77
- CORE/src/Http/BaseApplication.php:360
- CORE/src/Http/Runner.php:86
- CORE/src/Http/Middleware/CsrfProtectionMiddleware.php:169
- CORE/src/Http/Runner.php:82
- CORE/src/Http/Middleware/BodyParserMiddleware.php:157
- CORE/src/Http/Runner.php:82
- CORE/src/Routing/Middleware/RoutingMiddleware.php:117
- CORE/src/Http/Runner.php:82
- CORE/src/Routing/Middleware/AssetMiddleware.php:79
- CORE/src/Http/Runner.php:82
- CORE/src/Error/Middleware/ErrorHandlerMiddleware.php:115
- CORE/src/Http/Runner.php:82
- ROOT/vendor/cakephp/debug_kit/src/Middleware/DebugKitMiddleware.php:60
- CORE/src/Http/Runner.php:82
- CORE/src/Http/Runner.php:60
- CORE/src/Http/Server.php:104
- ROOT/webroot/index.php:37
- [main]:

Request URL: /css/home.css
Referer URL: http://cold-cortex.local:8080/
Client IP: 127.0.0.1
2025-09-20 12:56:09 error: [Cake\Http\Exception\MissingControllerException] Controller class `Css` could not be found. in /opt/homebrew/var/www/cold-cortex/cakephp/vendor/cakephp/cakephp/src/Controller/ControllerFactory.php on line 335
Exception Attributes: array (
  'controller' => 'Css',
  'plugin' => NULL,
  'prefix' => NULL,
  '_ext' => NULL,
)
Stack Trace:
- CORE/src/Controller/ControllerFactory.php:77
- CORE/src/Http/BaseApplication.php:360
- CORE/src/Http/Runner.php:86
- CORE/src/Http/Middleware/CsrfProtectionMiddleware.php:169
- CORE/src/Http/Runner.php:82
- CORE/src/Http/Middleware/BodyParserMiddleware.php:157
- CORE/src/Http/Runner.php:82
- CORE/src/Routing/Middleware/RoutingMiddleware.php:117
- CORE/src/Http/Runner.php:82
- CORE/src/Routing/Middleware/AssetMiddleware.php:79
- CORE/src/Http/Runner.php:82
- CORE/src/Error/Middleware/ErrorHandlerMiddleware.php:115
- CORE/src/Http/Runner.php:82
- ROOT/vendor/cakephp/debug_kit/src/Middleware/DebugKitMiddleware.php:60
- CORE/src/Http/Runner.php:82
- CORE/src/Http/Runner.php:60
- CORE/src/Http/Server.php:104
- ROOT/webroot/index.php:37
- [main]:

Request URL: /css/normalize.min.css
Referer URL: http://cold-cortex.local:8080/
Client IP: 127.0.0.1
2025-09-20 12:56:09 error: [Cake\Http\Exception\MissingControllerException] Controller class `Css` could not be found. in /opt/homebrew/var/www/cold-cortex/cakephp/vendor/cakephp/cakephp/src/Controller/ControllerFactory.php on line 335
Exception Attributes: array (
  'controller' => 'Css',
  'plugin' => NULL,
  'prefix' => NULL,
  '_ext' => NULL,
)
Stack Trace:
- CORE/src/Controller/ControllerFactory.php:77
- CORE/src/Http/BaseApplication.php:360
- CORE/src/Http/Runner.php:86
- CORE/src/Http/Middleware/CsrfProtectionMiddleware.php:169
- CORE/src/Http/Runner.php:82
- CORE/src/Http/Middleware/BodyParserMiddleware.php:157
- CORE/src/Http/Runner.php:82
- CORE/src/Routing/Middleware/RoutingMiddleware.php:117
- CORE/src/Http/Runner.php:82
- CORE/src/Routing/Middleware/AssetMiddleware.php:79
- CORE/src/Http/Runner.php:82
- CORE/src/Error/Middleware/ErrorHandlerMiddleware.php:115
- CORE/src/Http/Runner.php:82
- ROOT/vendor/cakephp/debug_kit/src/Middleware/DebugKitMiddleware.php:60
- CORE/src/Http/Runner.php:82
- CORE/src/Http/Runner.php:60
- CORE/src/Http/Server.php:104
- ROOT/webroot/index.php:37
- [main]:

Request URL: /css/cake.css
Referer URL: http://cold-cortex.local:8080/
Client IP: 127.0.0.1
2025-09-20 12:56:10 error: [Cake\Http\Exception\MissingControllerException] Controller class `Css` could not be found. in /opt/homebrew/var/www/cold-cortex/cakephp/vendor/cakephp/cakephp/src/Controller/ControllerFactory.php on line 335
Exception Attributes: array (
  'controller' => 'Css',
  'plugin' => NULL,
  'prefix' => NULL,
  '_ext' => NULL,
)
Stack Trace:
- CORE/src/Controller/ControllerFactory.php:77
- CORE/src/Http/BaseApplication.php:360
- CORE/src/Http/Runner.php:86
- CORE/src/Http/Middleware/CsrfProtectionMiddleware.php:169
- CORE/src/Http/Runner.php:82
- CORE/src/Http/Middleware/BodyParserMiddleware.php:157
- CORE/src/Http/Runner.php:82
- CORE/src/Routing/Middleware/RoutingMiddleware.php:117
- CORE/src/Http/Runner.php:82
- CORE/src/Routing/Middleware/AssetMiddleware.php:79
- CORE/src/Http/Runner.php:82
- CORE/src/Error/Middleware/ErrorHandlerMiddleware.php:115
- CORE/src/Http/Runner.php:82
- ROOT/vendor/cakephp/debug_kit/src/Middleware/DebugKitMiddleware.php:60
- CORE/src/Http/Runner.php:82
- CORE/src/Http/Runner.php:60
- CORE/src/Http/Server.php:104
- ROOT/webroot/index.php:37
- [main]:

Request URL: /css/cake.css
Referer URL: http://cold-cortex.local:8080/
Client IP: 127.0.0.1
2025-09-20 12:56:10 error: [Cake\Http\Exception\MissingControllerException] Controller class `Css` could not be found. in /opt/homebrew/var/www/cold-cortex/cakephp/vendor/cakephp/cakephp/src/Controller/ControllerFactory.php on line 335
Exception Attributes: array (
  'controller' => 'Css',
  'plugin' => NULL,
  'prefix' => NULL,
  '_ext' => NULL,
)
Stack Trace:
- CORE/src/Controller/ControllerFactory.php:77
- CORE/src/Http/BaseApplication.php:360
- CORE/src/Http/Runner.php:86
- CORE/src/Http/Middleware/CsrfProtectionMiddleware.php:169
- CORE/src/Http/Runner.php:82
- CORE/src/Http/Middleware/BodyParserMiddleware.php:157
- CORE/src/Http/Runner.php:82
- CORE/src/Routing/Middleware/RoutingMiddleware.php:117
- CORE/src/Http/Runner.php:82
- CORE/src/Routing/Middleware/AssetMiddleware.php:79
- CORE/src/Http/Runner.php:82
- CORE/src/Error/Middleware/ErrorHandlerMiddleware.php:115
- CORE/src/Http/Runner.php:82
- ROOT/vendor/cakephp/debug_kit/src/Middleware/DebugKitMiddleware.php:60
- CORE/src/Http/Runner.php:82
- CORE/src/Http/Runner.php:60
- CORE/src/Http/Server.php:104
- ROOT/webroot/index.php:37
- [main]:

Request URL: /css/normalize.min.css
Referer URL: http://cold-cortex.local:8080/
Client IP: 127.0.0.1
2025-09-20 12:56:10 error: [Cake\Http\Exception\MissingControllerException] Controller class `Css` could not be found. in /opt/homebrew/var/www/cold-cortex/cakephp/vendor/cakephp/cakephp/src/Controller/ControllerFactory.php on line 335
Exception Attributes: array (
  'controller' => 'Css',
  'plugin' => NULL,
  'prefix' => NULL,
  '_ext' => NULL,
)
Stack Trace:
- CORE/src/Controller/ControllerFactory.php:77
- CORE/src/Http/BaseApplication.php:360
- CORE/src/Http/Runner.php:86
- CORE/src/Http/Middleware/CsrfProtectionMiddleware.php:169
- CORE/src/Http/Runner.php:82
- CORE/src/Http/Middleware/BodyParserMiddleware.php:157
- CORE/src/Http/Runner.php:82
- CORE/src/Routing/Middleware/RoutingMiddleware.php:117
- CORE/src/Http/Runner.php:82
- CORE/src/Routing/Middleware/AssetMiddleware.php:79
- CORE/src/Http/Runner.php:82
- CORE/src/Error/Middleware/ErrorHandlerMiddleware.php:115
- CORE/src/Http/Runner.php:82
- ROOT/vendor/cakephp/debug_kit/src/Middleware/DebugKitMiddleware.php:60
- CORE/src/Http/Runner.php:82
- CORE/src/Http/Runner.php:60
- CORE/src/Http/Server.php:104
- ROOT/webroot/index.php:37
- [main]:

Request URL: /css/home.css
Referer URL: http://cold-cortex.local:8080/
Client IP: 127.0.0.1
2025-09-20 12:56:10 error: [Cake\Http\Exception\MissingControllerException] Controller class `Css` could not be found. in /opt/homebrew/var/www/cold-cortex/cakephp/vendor/cakephp/cakephp/src/Controller/ControllerFactory.php on line 335
Exception Attributes: array (
  'controller' => 'Css',
  'plugin' => NULL,
  'prefix' => NULL,
  '_ext' => NULL,
)
Stack Trace:
- CORE/src/Controller/ControllerFactory.php:77
- CORE/src/Http/BaseApplication.php:360
- CORE/src/Http/Runner.php:86
- CORE/src/Http/Middleware/CsrfProtectionMiddleware.php:169
- CORE/src/Http/Runner.php:82
- CORE/src/Http/Middleware/BodyParserMiddleware.php:157
- CORE/src/Http/Runner.php:82
- CORE/src/Routing/Middleware/RoutingMiddleware.php:117
- CORE/src/Http/Runner.php:82
- CORE/src/Routing/Middleware/AssetMiddleware.php:79
- CORE/src/Http/Runner.php:82
- CORE/src/Error/Middleware/ErrorHandlerMiddleware.php:115
- CORE/src/Http/Runner.php:82
- ROOT/vendor/cakephp/debug_kit/src/Middleware/DebugKitMiddleware.php:60
- CORE/src/Http/Runner.php:82
- CORE/src/Http/Runner.php:60
- CORE/src/Http/Server.php:104
- ROOT/webroot/index.php:37
- [main]:

Request URL: /css/milligram.min.css
Referer URL: http://cold-cortex.local:8080/
Client IP: 127.0.0.1
2025-09-20 12:56:10 error: [Cake\Http\Exception\MissingControllerException] Controller class `Css` could not be found. in /opt/homebrew/var/www/cold-cortex/cakephp/vendor/cakephp/cakephp/src/Controller/ControllerFactory.php on line 335
Exception Attributes: array (
  'controller' => 'Css',
  'plugin' => NULL,
  'prefix' => NULL,
  '_ext' => NULL,
)
Stack Trace:
- CORE/src/Controller/ControllerFactory.php:77
- CORE/src/Http/BaseApplication.php:360
- CORE/src/Http/Runner.php:86
- CORE/src/Http/Middleware/CsrfProtectionMiddleware.php:169
- CORE/src/Http/Runner.php:82
- CORE/src/Http/Middleware/BodyParserMiddleware.php:157
- CORE/src/Http/Runner.php:82
- CORE/src/Routing/Middleware/RoutingMiddleware.php:117
- CORE/src/Http/Runner.php:82
- CORE/src/Routing/Middleware/AssetMiddleware.php:79
- CORE/src/Http/Runner.php:82
- CORE/src/Error/Middleware/ErrorHandlerMiddleware.php:115
- CORE/src/Http/Runner.php:82
- ROOT/vendor/cakephp/debug_kit/src/Middleware/DebugKitMiddleware.php:60
- CORE/src/Http/Runner.php:82
- CORE/src/Http/Runner.php:60
- CORE/src/Http/Server.php:104
- ROOT/webroot/index.php:37
- [main]:

Request URL: /css/fonts.css
Referer URL: http://cold-cortex.local:8080/
Client IP: 127.0.0.1
2025-09-20 12:56:11 error: [Cake\Http\Exception\MissingControllerException] Controller class `Css` could not be found. in /opt/homebrew/var/www/cold-cortex/cakephp/vendor/cakephp/cakephp/src/Controller/ControllerFactory.php on line 335
Exception Attributes: array (
  'controller' => 'Css',
  'plugin' => NULL,
  'prefix' => NULL,
  '_ext' => NULL,
)
Stack Trace:
- CORE/src/Controller/ControllerFactory.php:77
- CORE/src/Http/BaseApplication.php:360
- CORE/src/Http/Runner.php:86
- CORE/src/Http/Middleware/CsrfProtectionMiddleware.php:169
- CORE/src/Http/Runner.php:82
- CORE/src/Http/Middleware/BodyParserMiddleware.php:157
- CORE/src/Http/Runner.php:82
- CORE/src/Routing/Middleware/RoutingMiddleware.php:117
- CORE/src/Http/Runner.php:82
- CORE/src/Routing/Middleware/AssetMiddleware.php:79
- CORE/src/Http/Runner.php:82
- CORE/src/Error/Middleware/ErrorHandlerMiddleware.php:115
- CORE/src/Http/Runner.php:82
- ROOT/vendor/cakephp/debug_kit/src/Middleware/DebugKitMiddleware.php:60
- CORE/src/Http/Runner.php:82
- CORE/src/Http/Runner.php:60
- CORE/src/Http/Server.php:104
- ROOT/webroot/index.php:37
- [main]:

Request URL: /css/cake.css
Referer URL: http://cold-cortex.local:8080/
Client IP: 127.0.0.1
2025-09-20 12:56:11 error: [Cake\Http\Exception\MissingControllerException] Controller class `Css` could not be found. in /opt/homebrew/var/www/cold-cortex/cakephp/vendor/cakephp/cakephp/src/Controller/ControllerFactory.php on line 335
Exception Attributes: array (
  'controller' => 'Css',
  'plugin' => NULL,
  'prefix' => NULL,
  '_ext' => NULL,
)
Stack Trace:
- CORE/src/Controller/ControllerFactory.php:77
- CORE/src/Http/BaseApplication.php:360
- CORE/src/Http/Runner.php:86
- CORE/src/Http/Middleware/CsrfProtectionMiddleware.php:169
- CORE/src/Http/Runner.php:82
- CORE/src/Http/Middleware/BodyParserMiddleware.php:157
- CORE/src/Http/Runner.php:82
- CORE/src/Routing/Middleware/RoutingMiddleware.php:117
- CORE/src/Http/Runner.php:82
- CORE/src/Routing/Middleware/AssetMiddleware.php:79
- CORE/src/Http/Runner.php:82
- CORE/src/Error/Middleware/ErrorHandlerMiddleware.php:115
- CORE/src/Http/Runner.php:82
- ROOT/vendor/cakephp/debug_kit/src/Middleware/DebugKitMiddleware.php:60
- CORE/src/Http/Runner.php:82
- CORE/src/Http/Runner.php:60
- CORE/src/Http/Server.php:104
- ROOT/webroot/index.php:37
- [main]:

Request URL: /css/milligram.min.css
Referer URL: http://cold-cortex.local:8080/
Client IP: 127.0.0.1
2025-09-20 12:56:11 error: [Cake\Http\Exception\MissingControllerException] Controller class `Css` could not be found. in /opt/homebrew/var/www/cold-cortex/cakephp/vendor/cakephp/cakephp/src/Controller/ControllerFactory.php on line 335
Exception Attributes: array (
  'controller' => 'Css',
  'plugin' => NULL,
  'prefix' => NULL,
  '_ext' => NULL,
)
Stack Trace:
- CORE/src/Controller/ControllerFactory.php:77
- CORE/src/Http/BaseApplication.php:360
- CORE/src/Http/Runner.php:86
- CORE/src/Http/Middleware/CsrfProtectionMiddleware.php:169
- CORE/src/Http/Runner.php:82
- CORE/src/Http/Middleware/BodyParserMiddleware.php:157
- CORE/src/Http/Runner.php:82
- CORE/src/Routing/Middleware/RoutingMiddleware.php:117
- CORE/src/Http/Runner.php:82
- CORE/src/Routing/Middleware/AssetMiddleware.php:79
- CORE/src/Http/Runner.php:82
- CORE/src/Error/Middleware/ErrorHandlerMiddleware.php:115
- CORE/src/Http/Runner.php:82
- ROOT/vendor/cakephp/debug_kit/src/Middleware/DebugKitMiddleware.php:60
- CORE/src/Http/Runner.php:82
- CORE/src/Http/Runner.php:60
- CORE/src/Http/Server.php:104
- ROOT/webroot/index.php:37
- [main]:

Request URL: /css/fonts.css
Referer URL: http://cold-cortex.local:8080/
Client IP: 127.0.0.1
2025-09-20 12:56:11 error: [Cake\Http\Exception\MissingControllerException] Controller class `Css` could not be found. in /opt/homebrew/var/www/cold-cortex/cakephp/vendor/cakephp/cakephp/src/Controller/ControllerFactory.php on line 335
Exception Attributes: array (
  'controller' => 'Css',
  'plugin' => NULL,
  'prefix' => NULL,
  '_ext' => NULL,
)
Stack Trace:
- CORE/src/Controller/ControllerFactory.php:77
- CORE/src/Http/BaseApplication.php:360
- CORE/src/Http/Runner.php:86
- CORE/src/Http/Middleware/CsrfProtectionMiddleware.php:169
- CORE/src/Http/Runner.php:82
- CORE/src/Http/Middleware/BodyParserMiddleware.php:157
- CORE/src/Http/Runner.php:82
- CORE/src/Routing/Middleware/RoutingMiddleware.php:117
- CORE/src/Http/Runner.php:82
- CORE/src/Routing/Middleware/AssetMiddleware.php:79
- CORE/src/Http/Runner.php:82
- CORE/src/Error/Middleware/ErrorHandlerMiddleware.php:115
- CORE/src/Http/Runner.php:82
- ROOT/vendor/cakephp/debug_kit/src/Middleware/DebugKitMiddleware.php:60
- CORE/src/Http/Runner.php:82
- CORE/src/Http/Runner.php:60
- CORE/src/Http/Server.php:104
- ROOT/webroot/index.php:37
- [main]:

Request URL: /css/normalize.min.css
Referer URL: http://cold-cortex.local:8080/
Client IP: 127.0.0.1
2025-09-20 12:56:11 error: [Cake\Http\Exception\MissingControllerException] Controller class `Css` could not be found. in /opt/homebrew/var/www/cold-cortex/cakephp/vendor/cakephp/cakephp/src/Controller/ControllerFactory.php on line 335
Exception Attributes: array (
  'controller' => 'Css',
  'plugin' => NULL,
  'prefix' => NULL,
  '_ext' => NULL,
)
Stack Trace:
- CORE/src/Controller/ControllerFactory.php:77
- CORE/src/Http/BaseApplication.php:360
- CORE/src/Http/Runner.php:86
- CORE/src/Http/Middleware/CsrfProtectionMiddleware.php:169
- CORE/src/Http/Runner.php:82
- CORE/src/Http/Middleware/BodyParserMiddleware.php:157
- CORE/src/Http/Runner.php:82
- CORE/src/Routing/Middleware/RoutingMiddleware.php:117
- CORE/src/Http/Runner.php:82
- CORE/src/Routing/Middleware/AssetMiddleware.php:79
- CORE/src/Http/Runner.php:82
- CORE/src/Error/Middleware/ErrorHandlerMiddleware.php:115
- CORE/src/Http/Runner.php:82
- ROOT/vendor/cakephp/debug_kit/src/Middleware/DebugKitMiddleware.php:60
- CORE/src/Http/Runner.php:82
- CORE/src/Http/Runner.php:60
- CORE/src/Http/Server.php:104
- ROOT/webroot/index.php:37
- [main]:

Request URL: /css/home.css
Referer URL: http://cold-cortex.local:8080/
Client IP: 127.0.0.1
2025-09-20 12:57:31 error: [Cake\Http\Exception\MissingControllerException] Controller class `Css` could not be found. in /opt/homebrew/var/www/cold-cortex/cakephp/vendor/cakephp/cakephp/src/Controller/ControllerFactory.php on line 335
Exception Attributes: array (
  'controller' => 'Css',
  'plugin' => NULL,
  'prefix' => NULL,
  '_ext' => NULL,
)
Stack Trace:
- CORE/src/Controller/ControllerFactory.php:77
- CORE/src/Http/BaseApplication.php:360
- CORE/src/Http/Runner.php:86
- CORE/src/Http/Middleware/CsrfProtectionMiddleware.php:169
- CORE/src/Http/Runner.php:82
- CORE/src/Http/Middleware/BodyParserMiddleware.php:157
- CORE/src/Http/Runner.php:82
- CORE/src/Routing/Middleware/RoutingMiddleware.php:117
- CORE/src/Http/Runner.php:82
- CORE/src/Routing/Middleware/AssetMiddleware.php:79
- CORE/src/Http/Runner.php:82
- CORE/src/Error/Middleware/ErrorHandlerMiddleware.php:115
- CORE/src/Http/Runner.php:82
- ROOT/vendor/cakephp/debug_kit/src/Middleware/DebugKitMiddleware.php:60
- CORE/src/Http/Runner.php:82
- CORE/src/Http/Runner.php:60
- CORE/src/Http/Server.php:104
- ROOT/webroot/index.php:37
- [main]:

Request URL: /css/home.css
Referer URL: http://cold-cortex.local:8080/
Client IP: 127.0.0.1
2025-09-20 12:57:31 error: [Cake\Http\Exception\MissingControllerException] Controller class `Css` could not be found. in /opt/homebrew/var/www/cold-cortex/cakephp/vendor/cakephp/cakephp/src/Controller/ControllerFactory.php on line 335
Exception Attributes: array (
  'controller' => 'Css',
  'plugin' => NULL,
  'prefix' => NULL,
  '_ext' => NULL,
)
Stack Trace:
- CORE/src/Controller/ControllerFactory.php:77
- CORE/src/Http/BaseApplication.php:360
- CORE/src/Http/Runner.php:86
- CORE/src/Http/Middleware/CsrfProtectionMiddleware.php:169
- CORE/src/Http/Runner.php:82
- CORE/src/Http/Middleware/BodyParserMiddleware.php:157
- CORE/src/Http/Runner.php:82
- CORE/src/Routing/Middleware/RoutingMiddleware.php:117
- CORE/src/Http/Runner.php:82
- CORE/src/Routing/Middleware/AssetMiddleware.php:79
- CORE/src/Http/Runner.php:82
- CORE/src/Error/Middleware/ErrorHandlerMiddleware.php:115
- CORE/src/Http/Runner.php:82
- ROOT/vendor/cakephp/debug_kit/src/Middleware/DebugKitMiddleware.php:60
- CORE/src/Http/Runner.php:82
- CORE/src/Http/Runner.php:60
- CORE/src/Http/Server.php:104
- ROOT/webroot/index.php:37
- [main]:

Request URL: /css/fonts.css
Referer URL: http://cold-cortex.local:8080/
Client IP: 127.0.0.1
2025-09-20 12:57:31 error: [Cake\Http\Exception\MissingControllerException] Controller class `Css` could not be found. in /opt/homebrew/var/www/cold-cortex/cakephp/vendor/cakephp/cakephp/src/Controller/ControllerFactory.php on line 335
Exception Attributes: array (
  'controller' => 'Css',
  'plugin' => NULL,
  'prefix' => NULL,
  '_ext' => NULL,
)
Stack Trace:
- CORE/src/Controller/ControllerFactory.php:77
- CORE/src/Http/BaseApplication.php:360
- CORE/src/Http/Runner.php:86
- CORE/src/Http/Middleware/CsrfProtectionMiddleware.php:169
- CORE/src/Http/Runner.php:82
- CORE/src/Http/Middleware/BodyParserMiddleware.php:157
- CORE/src/Http/Runner.php:82
- CORE/src/Routing/Middleware/RoutingMiddleware.php:117
- CORE/src/Http/Runner.php:82
- CORE/src/Routing/Middleware/AssetMiddleware.php:79
- CORE/src/Http/Runner.php:82
- CORE/src/Error/Middleware/ErrorHandlerMiddleware.php:115
- CORE/src/Http/Runner.php:82
- ROOT/vendor/cakephp/debug_kit/src/Middleware/DebugKitMiddleware.php:60
- CORE/src/Http/Runner.php:82
- CORE/src/Http/Runner.php:60
- CORE/src/Http/Server.php:104
- ROOT/webroot/index.php:37
- [main]:

Request URL: /css/normalize.min.css
Referer URL: http://cold-cortex.local:8080/
Client IP: 127.0.0.1
2025-09-20 12:57:31 error: [Cake\Http\Exception\MissingControllerException] Controller class `Css` could not be found. in /opt/homebrew/var/www/cold-cortex/cakephp/vendor/cakephp/cakephp/src/Controller/ControllerFactory.php on line 335
Exception Attributes: array (
  'controller' => 'Css',
  'plugin' => NULL,
  'prefix' => NULL,
  '_ext' => NULL,
)
Stack Trace:
- CORE/src/Controller/ControllerFactory.php:77
- CORE/src/Http/BaseApplication.php:360
- CORE/src/Http/Runner.php:86
- CORE/src/Http/Middleware/CsrfProtectionMiddleware.php:169
- CORE/src/Http/Runner.php:82
- CORE/src/Http/Middleware/BodyParserMiddleware.php:157
- CORE/src/Http/Runner.php:82
- CORE/src/Routing/Middleware/RoutingMiddleware.php:117
- CORE/src/Http/Runner.php:82
- CORE/src/Routing/Middleware/AssetMiddleware.php:79
- CORE/src/Http/Runner.php:82
- CORE/src/Error/Middleware/ErrorHandlerMiddleware.php:115
- CORE/src/Http/Runner.php:82
- ROOT/vendor/cakephp/debug_kit/src/Middleware/DebugKitMiddleware.php:60
- CORE/src/Http/Runner.php:82
- CORE/src/Http/Runner.php:60
- CORE/src/Http/Server.php:104
- ROOT/webroot/index.php:37
- [main]:

Request URL: /css/milligram.min.css
Referer URL: http://cold-cortex.local:8080/
Client IP: 127.0.0.1
2025-09-20 12:57:31 error: [Cake\Http\Exception\MissingControllerException] Controller class `Css` could not be found. in /opt/homebrew/var/www/cold-cortex/cakephp/vendor/cakephp/cakephp/src/Controller/ControllerFactory.php on line 335
Exception Attributes: array (
  'controller' => 'Css',
  'plugin' => NULL,
  'prefix' => NULL,
  '_ext' => NULL,
)
Stack Trace:
- CORE/src/Controller/ControllerFactory.php:77
- CORE/src/Http/BaseApplication.php:360
- CORE/src/Http/Runner.php:86
- CORE/src/Http/Middleware/CsrfProtectionMiddleware.php:169
- CORE/src/Http/Runner.php:82
- CORE/src/Http/Middleware/BodyParserMiddleware.php:157
- CORE/src/Http/Runner.php:82
- CORE/src/Routing/Middleware/RoutingMiddleware.php:117
- CORE/src/Http/Runner.php:82
- CORE/src/Routing/Middleware/AssetMiddleware.php:79
- CORE/src/Http/Runner.php:82
- CORE/src/Error/Middleware/ErrorHandlerMiddleware.php:115
- CORE/src/Http/Runner.php:82
- ROOT/vendor/cakephp/debug_kit/src/Middleware/DebugKitMiddleware.php:60
- CORE/src/Http/Runner.php:82
- CORE/src/Http/Runner.php:60
- CORE/src/Http/Server.php:104
- ROOT/webroot/index.php:37
- [main]:

Request URL: /css/cake.css
Referer URL: http://cold-cortex.local:8080/
Client IP: 127.0.0.1
2025-09-20 12:59:07 error: [Cake\Http\Exception\MissingControllerException] Controller class `Css` could not be found. in /opt/homebrew/var/www/cold-cortex/cakephp/vendor/cakephp/cakephp/src/Controller/ControllerFactory.php on line 335
Exception Attributes: array (
  'controller' => 'Css',
  'plugin' => NULL,
  'prefix' => NULL,
  '_ext' => NULL,
)
Stack Trace:
- CORE/src/Controller/ControllerFactory.php:77
- CORE/src/Http/BaseApplication.php:360
- CORE/src/Http/Runner.php:86
- CORE/src/Http/Middleware/CsrfProtectionMiddleware.php:169
- CORE/src/Http/Runner.php:82
- CORE/src/Http/Middleware/BodyParserMiddleware.php:157
- CORE/src/Http/Runner.php:82
- CORE/src/Routing/Middleware/RoutingMiddleware.php:117
- CORE/src/Http/Runner.php:82
- CORE/src/Routing/Middleware/AssetMiddleware.php:79
- CORE/src/Http/Runner.php:82
- CORE/src/Error/Middleware/ErrorHandlerMiddleware.php:115
- CORE/src/Http/Runner.php:82
- ROOT/vendor/cakephp/debug_kit/src/Middleware/DebugKitMiddleware.php:60
- CORE/src/Http/Runner.php:82
- CORE/src/Http/Runner.php:60
- CORE/src/Http/Server.php:104
- ROOT/webroot/index.php:37
- [main]:

Request URL: /css/milligram.min.css
Referer URL: http://cold-cortex.local:8080/
Client IP: 127.0.0.1
2025-09-20 12:59:07 error: [Cake\Http\Exception\MissingControllerException] Controller class `Css` could not be found. in /opt/homebrew/var/www/cold-cortex/cakephp/vendor/cakephp/cakephp/src/Controller/ControllerFactory.php on line 335
Exception Attributes: array (
  'controller' => 'Css',
  'plugin' => NULL,
  'prefix' => NULL,
  '_ext' => NULL,
)
Stack Trace:
- CORE/src/Controller/ControllerFactory.php:77
- CORE/src/Http/BaseApplication.php:360
- CORE/src/Http/Runner.php:86
- CORE/src/Http/Middleware/CsrfProtectionMiddleware.php:169
- CORE/src/Http/Runner.php:82
- CORE/src/Http/Middleware/BodyParserMiddleware.php:157
- CORE/src/Http/Runner.php:82
- CORE/src/Routing/Middleware/RoutingMiddleware.php:117
- CORE/src/Http/Runner.php:82
- CORE/src/Routing/Middleware/AssetMiddleware.php:79
- CORE/src/Http/Runner.php:82
- CORE/src/Error/Middleware/ErrorHandlerMiddleware.php:115
- CORE/src/Http/Runner.php:82
- ROOT/vendor/cakephp/debug_kit/src/Middleware/DebugKitMiddleware.php:60
- CORE/src/Http/Runner.php:82
- CORE/src/Http/Runner.php:60
- CORE/src/Http/Server.php:104
- ROOT/webroot/index.php:37
- [main]:

Request URL: /css/fonts.css
Referer URL: http://cold-cortex.local:8080/
Client IP: 127.0.0.1
2025-09-20 12:59:07 error: [Cake\Http\Exception\MissingControllerException] Controller class `Css` could not be found. in /opt/homebrew/var/www/cold-cortex/cakephp/vendor/cakephp/cakephp/src/Controller/ControllerFactory.php on line 335
Exception Attributes: array (
  'controller' => 'Css',
  'plugin' => NULL,
  'prefix' => NULL,
  '_ext' => NULL,
)
Stack Trace:
- CORE/src/Controller/ControllerFactory.php:77
- CORE/src/Http/BaseApplication.php:360
- CORE/src/Http/Runner.php:86
- CORE/src/Http/Middleware/CsrfProtectionMiddleware.php:169
- CORE/src/Http/Runner.php:82
- CORE/src/Http/Middleware/BodyParserMiddleware.php:157
- CORE/src/Http/Runner.php:82
- CORE/src/Routing/Middleware/RoutingMiddleware.php:117
- CORE/src/Http/Runner.php:82
- CORE/src/Routing/Middleware/AssetMiddleware.php:79
- CORE/src/Http/Runner.php:82
- CORE/src/Error/Middleware/ErrorHandlerMiddleware.php:115
- CORE/src/Http/Runner.php:82
- ROOT/vendor/cakephp/debug_kit/src/Middleware/DebugKitMiddleware.php:60
- CORE/src/Http/Runner.php:82
- CORE/src/Http/Runner.php:60
- CORE/src/Http/Server.php:104
- ROOT/webroot/index.php:37
- [main]:

Request URL: /css/normalize.min.css
Referer URL: http://cold-cortex.local:8080/
Client IP: 127.0.0.1
2025-09-20 12:59:07 error: [Cake\Http\Exception\MissingControllerException] Controller class `Css` could not be found. in /opt/homebrew/var/www/cold-cortex/cakephp/vendor/cakephp/cakephp/src/Controller/ControllerFactory.php on line 335
Exception Attributes: array (
  'controller' => 'Css',
  'plugin' => NULL,
  'prefix' => NULL,
  '_ext' => NULL,
)
Stack Trace:
- CORE/src/Controller/ControllerFactory.php:77
- CORE/src/Http/BaseApplication.php:360
- CORE/src/Http/Runner.php:86
- CORE/src/Http/Middleware/CsrfProtectionMiddleware.php:169
- CORE/src/Http/Runner.php:82
- CORE/src/Http/Middleware/BodyParserMiddleware.php:157
- CORE/src/Http/Runner.php:82
- CORE/src/Routing/Middleware/RoutingMiddleware.php:117
- CORE/src/Http/Runner.php:82
- CORE/src/Routing/Middleware/AssetMiddleware.php:79
- CORE/src/Http/Runner.php:82
- CORE/src/Error/Middleware/ErrorHandlerMiddleware.php:115
- CORE/src/Http/Runner.php:82
- ROOT/vendor/cakephp/debug_kit/src/Middleware/DebugKitMiddleware.php:60
- CORE/src/Http/Runner.php:82
- CORE/src/Http/Runner.php:60
- CORE/src/Http/Server.php:104
- ROOT/webroot/index.php:37
- [main]:

Request URL: /css/home.css
Referer URL: http://cold-cortex.local:8080/
Client IP: 127.0.0.1
2025-09-20 12:59:07 error: [Cake\Http\Exception\MissingControllerException] Controller class `Css` could not be found. in /opt/homebrew/var/www/cold-cortex/cakephp/vendor/cakephp/cakephp/src/Controller/ControllerFactory.php on line 335
Exception Attributes: array (
  'controller' => 'Css',
  'plugin' => NULL,
  'prefix' => NULL,
  '_ext' => NULL,
)
Stack Trace:
- CORE/src/Controller/ControllerFactory.php:77
- CORE/src/Http/BaseApplication.php:360
- CORE/src/Http/Runner.php:86
- CORE/src/Http/Middleware/CsrfProtectionMiddleware.php:169
- CORE/src/Http/Runner.php:82
- CORE/src/Http/Middleware/BodyParserMiddleware.php:157
- CORE/src/Http/Runner.php:82
- CORE/src/Routing/Middleware/RoutingMiddleware.php:117
- CORE/src/Http/Runner.php:82
- CORE/src/Routing/Middleware/AssetMiddleware.php:79
- CORE/src/Http/Runner.php:82
- CORE/src/Error/Middleware/ErrorHandlerMiddleware.php:115
- CORE/src/Http/Runner.php:82
- ROOT/vendor/cakephp/debug_kit/src/Middleware/DebugKitMiddleware.php:60
- CORE/src/Http/Runner.php:82
- CORE/src/Http/Runner.php:60
- CORE/src/Http/Server.php:104
- ROOT/webroot/index.php:37
- [main]:

Request URL: /css/cake.css
Referer URL: http://cold-cortex.local:8080/
Client IP: 127.0.0.1
2025-09-20 13:12:20 error: [Cake\Http\Exception\MissingControllerException] Controller class `Css` could not be found. in /opt/homebrew/var/www/cold-cortex/cakephp/vendor/cakephp/cakephp/src/Controller/ControllerFactory.php on line 335
Exception Attributes: array (
  'controller' => 'Css',
  'plugin' => NULL,
  'prefix' => NULL,
  '_ext' => NULL,
)
Stack Trace:
- CORE/src/Controller/ControllerFactory.php:77
- CORE/src/Http/BaseApplication.php:360
- CORE/src/Http/Runner.php:86
- CORE/src/Http/Middleware/CsrfProtectionMiddleware.php:169
- CORE/src/Http/Runner.php:82
- CORE/src/Http/Middleware/BodyParserMiddleware.php:157
- CORE/src/Http/Runner.php:82
- CORE/src/Routing/Middleware/RoutingMiddleware.php:117
- CORE/src/Http/Runner.php:82
- CORE/src/Routing/Middleware/AssetMiddleware.php:79
- CORE/src/Http/Runner.php:82
- CORE/src/Error/Middleware/ErrorHandlerMiddleware.php:115
- CORE/src/Http/Runner.php:82
- ROOT/vendor/cakephp/debug_kit/src/Middleware/DebugKitMiddleware.php:60
- CORE/src/Http/Runner.php:82
- CORE/src/Http/Runner.php:60
- CORE/src/Http/Server.php:104
- ROOT/webroot/index.php:37
- [main]:

Request URL: /css/fonts/Bitcount_Ink/BitcountInk-VariableFont_CRSV,ELSH,ELXP,SZP1,SZP2,XPN1,XPN2,YPN1,YPN2,slnt,wght.ttf
Referer URL: http://cold-cortex.local:8080/css/tailwind.css
Client IP: 127.0.0.1
2025-09-20 13:14:05 error: [Cake\Http\Exception\MissingControllerException] Controller class `Css` could not be found. in /opt/homebrew/var/www/cold-cortex/cakephp/vendor/cakephp/cakephp/src/Controller/ControllerFactory.php on line 335
Exception Attributes: array (
  'controller' => 'Css',
  'plugin' => NULL,
  'prefix' => NULL,
  '_ext' => NULL,
)
Stack Trace:
- CORE/src/Controller/ControllerFactory.php:77
- CORE/src/Http/BaseApplication.php:360
- CORE/src/Http/Runner.php:86
- CORE/src/Http/Middleware/CsrfProtectionMiddleware.php:169
- CORE/src/Http/Runner.php:82
- CORE/src/Http/Middleware/BodyParserMiddleware.php:157
- CORE/src/Http/Runner.php:82
- CORE/src/Routing/Middleware/RoutingMiddleware.php:117
- CORE/src/Http/Runner.php:82
- CORE/src/Routing/Middleware/AssetMiddleware.php:79
- CORE/src/Http/Runner.php:82
- CORE/src/Error/Middleware/ErrorHandlerMiddleware.php:115
- CORE/src/Http/Runner.php:82
- ROOT/vendor/cakephp/debug_kit/src/Middleware/DebugKitMiddleware.php:60
- CORE/src/Http/Runner.php:82
- CORE/src/Http/Runner.php:60
- CORE/src/Http/Server.php:104
- ROOT/webroot/index.php:37
- [main]:

Request URL: /css/fonts/Bitcount_Ink/BitcountInk-VariableFont_CRSV,ELSH,ELXP,SZP1,SZP2,XPN1,XPN2,YPN1,YPN2,slnt,wght.ttf
Referer URL: http://cold-cortex.local:8080/css/tailwind.css
Client IP: 127.0.0.1
2025-09-20 13:15:54 error: [Cake\Http\Exception\MissingControllerException] Controller class `Css` could not be found. in /opt/homebrew/var/www/cold-cortex/cakephp/vendor/cakephp/cakephp/src/Controller/ControllerFactory.php on line 335
Exception Attributes: array (
  'controller' => 'Css',
  'plugin' => NULL,
  'prefix' => NULL,
  '_ext' => NULL,
)
Stack Trace:
- CORE/src/Controller/ControllerFactory.php:77
- CORE/src/Http/BaseApplication.php:360
- CORE/src/Http/Runner.php:86
- CORE/src/Http/Middleware/CsrfProtectionMiddleware.php:169
- CORE/src/Http/Runner.php:82
- CORE/src/Http/Middleware/BodyParserMiddleware.php:157
- CORE/src/Http/Runner.php:82
- CORE/src/Routing/Middleware/RoutingMiddleware.php:117
- CORE/src/Http/Runner.php:82
- CORE/src/Routing/Middleware/AssetMiddleware.php:79
- CORE/src/Http/Runner.php:82
- CORE/src/Error/Middleware/ErrorHandlerMiddleware.php:115
- CORE/src/Http/Runner.php:82
- ROOT/vendor/cakephp/debug_kit/src/Middleware/DebugKitMiddleware.php:60
- CORE/src/Http/Runner.php:82
- CORE/src/Http/Runner.php:60
- CORE/src/Http/Server.php:104
- ROOT/webroot/index.php:37
- [main]:

Request URL: /css/fonts/Bitcount_Ink/BitcountInk-VariableFont_CRSV,ELSH,ELXP,SZP1,SZP2,XPN1,XPN2,YPN1,YPN2,slnt,wght.ttf
Referer URL: http://cold-cortex.local:8080/css/tailwind.css
Client IP: 127.0.0.1
2025-09-20 13:16:09 error: [Cake\Http\Exception\MissingControllerException] Controller class `Css` could not be found. in /opt/homebrew/var/www/cold-cortex/cakephp/vendor/cakephp/cakephp/src/Controller/ControllerFactory.php on line 335
Exception Attributes: array (
  'controller' => 'Css',
  'plugin' => NULL,
  'prefix' => NULL,
  '_ext' => NULL,
)
Stack Trace:
- CORE/src/Controller/ControllerFactory.php:77
- CORE/src/Http/BaseApplication.php:360
- CORE/src/Http/Runner.php:86
- CORE/src/Http/Middleware/CsrfProtectionMiddleware.php:169
- CORE/src/Http/Runner.php:82
- CORE/src/Http/Middleware/BodyParserMiddleware.php:157
- CORE/src/Http/Runner.php:82
- CORE/src/Routing/Middleware/RoutingMiddleware.php:117
- CORE/src/Http/Runner.php:82
- CORE/src/Routing/Middleware/AssetMiddleware.php:79
- CORE/src/Http/Runner.php:82
- CORE/src/Error/Middleware/ErrorHandlerMiddleware.php:115
- CORE/src/Http/Runner.php:82
- ROOT/vendor/cakephp/debug_kit/src/Middleware/DebugKitMiddleware.php:60
- CORE/src/Http/Runner.php:82
- CORE/src/Http/Runner.php:60
- CORE/src/Http/Server.php:104
- ROOT/webroot/index.php:37
- [main]:

Request URL: /css/fonts/Bitcount_Ink/BitcountInk-VariableFont_CRSV,ELSH,ELXP,SZP1,SZP2,XPN1,XPN2,YPN1,YPN2,slnt,wght.ttf
Referer URL: http://cold-cortex.local:8080/css/tailwind.css
Client IP: 127.0.0.1
2025-09-20 13:38:07 error: [Cake\Http\Exception\MissingControllerException] Controller class `Img` could not be found. in /opt/homebrew/var/www/cold-cortex/vendor/cakephp/cakephp/src/Controller/ControllerFactory.php on line 335
Exception Attributes: array (
  'controller' => 'Img',
  'plugin' => NULL,
  'prefix' => NULL,
  '_ext' => NULL,
)
Stack Trace:
- CORE/src/Controller/ControllerFactory.php:77
- CORE/src/Http/BaseApplication.php:360
- CORE/src/Http/Runner.php:86
- CORE/src/Http/Middleware/CsrfProtectionMiddleware.php:169
- CORE/src/Http/Runner.php:82
- CORE/src/Http/Middleware/BodyParserMiddleware.php:157
- CORE/src/Http/Runner.php:82
- CORE/src/Routing/Middleware/RoutingMiddleware.php:117
- CORE/src/Http/Runner.php:82
- CORE/src/Routing/Middleware/AssetMiddleware.php:79
- CORE/src/Http/Runner.php:82
- CORE/src/Error/Middleware/ErrorHandlerMiddleware.php:115
- CORE/src/Http/Runner.php:82
- ROOT/vendor/cakephp/debug_kit/src/Middleware/DebugKitMiddleware.php:60
- CORE/src/Http/Runner.php:82
- CORE/src/Http/Runner.php:60
- CORE/src/Http/Server.php:104
- ROOT/webroot/index.php:37
- [main]:

Request URL: /img/logo.png
Referer URL: http://cold-cortex.local:8080/
Client IP: 127.0.0.1
2025-09-20 13:38:11 error: [Cake\Http\Exception\MissingControllerException] Controller class `Img` could not be found. in /opt/homebrew/var/www/cold-cortex/vendor/cakephp/cakephp/src/Controller/ControllerFactory.php on line 335
Exception Attributes: array (
  'controller' => 'Img',
  'plugin' => NULL,
  'prefix' => NULL,
  '_ext' => NULL,
)
Stack Trace:
- CORE/src/Controller/ControllerFactory.php:77
- CORE/src/Http/BaseApplication.php:360
- CORE/src/Http/Runner.php:86
- CORE/src/Http/Middleware/CsrfProtectionMiddleware.php:169
- CORE/src/Http/Runner.php:82
- CORE/src/Http/Middleware/BodyParserMiddleware.php:157
- CORE/src/Http/Runner.php:82
- CORE/src/Routing/Middleware/RoutingMiddleware.php:117
- CORE/src/Http/Runner.php:82
- CORE/src/Routing/Middleware/AssetMiddleware.php:79
- CORE/src/Http/Runner.php:82
- CORE/src/Error/Middleware/ErrorHandlerMiddleware.php:115
- CORE/src/Http/Runner.php:82
- ROOT/vendor/cakephp/debug_kit/src/Middleware/DebugKitMiddleware.php:60
- CORE/src/Http/Runner.php:82
- CORE/src/Http/Runner.php:60
- CORE/src/Http/Server.php:104
- ROOT/webroot/index.php:37
- [main]:

Request URL: /img/logo.png
Referer URL: http://cold-cortex.local:8080/
Client IP: 127.0.0.1
2025-09-20 13:51:15 error: [Cake\Core\Exception\MissingPluginException] Plugin `DebugKit` could not be found. in /opt/homebrew/var/www/cold-cortex/vendor/cakephp/cakephp/src/Core/PluginCollection.php on line 160
Exception Attributes: array (
  'plugin' => 'DebugKit',
)
Stack Trace:
- CORE/src/Core/PluginCollection.php:288
- CORE/src/Core/PluginCollection.php:117
- CORE/src/Http/BaseApplication.php:191
- APP/Application.php:49
- CORE/src/Http/Server.php:123
- CORE/src/Http/Server.php:85
- ROOT/webroot/index.php:37
- [main]:

2025-09-20 13:51:15 error: [Cake\Core\Exception\MissingPluginException] Plugin `DebugKit` could not be found. in /opt/homebrew/var/www/cold-cortex/vendor/cakephp/cakephp/src/Core/PluginCollection.php on line 160
Exception Attributes: array (
  'plugin' => 'DebugKit',
)
Stack Trace:
- CORE/src/Core/PluginCollection.php:288
- CORE/src/Core/PluginCollection.php:117
- CORE/src/Http/BaseApplication.php:191
- APP/Application.php:49
- CORE/src/Http/Server.php:123
- CORE/src/Http/Server.php:85
- ROOT/webroot/index.php:37
- [main]:

2025-09-20 13:51:17 error: [Cake\Core\Exception\MissingPluginException] Plugin `DebugKit` could not be found. in /opt/homebrew/var/www/cold-cortex/vendor/cakephp/cakephp/src/Core/PluginCollection.php on line 160
Exception Attributes: array (
  'plugin' => 'DebugKit',
)
Stack Trace:
- CORE/src/Core/PluginCollection.php:288
- CORE/src/Core/PluginCollection.php:117
- CORE/src/Http/BaseApplication.php:191
- APP/Application.php:49
- CORE/src/Http/Server.php:123
- CORE/src/Http/Server.php:85
- ROOT/webroot/index.php:37
- [main]:

2025-09-20 13:51:20 error: [Cake\Core\Exception\MissingPluginException] Plugin `DebugKit` could not be found. in /opt/homebrew/var/www/cold-cortex/vendor/cakephp/cakephp/src/Core/PluginCollection.php on line 160
Exception Attributes: array (
  'plugin' => 'DebugKit',
)
Stack Trace:
- CORE/src/Core/PluginCollection.php:288
- CORE/src/Core/PluginCollection.php:117
- CORE/src/Http/BaseApplication.php:191
- APP/Application.php:49
- CORE/src/Http/Server.php:123
- CORE/src/Http/Server.php:85
- ROOT/webroot/index.php:37
- [main]:

2025-09-20 13:51:25 error: [Cake\Core\Exception\MissingPluginException] Plugin `DebugKit` could not be found. in /opt/homebrew/var/www/cold-cortex/vendor/cakephp/cakephp/src/Core/PluginCollection.php on line 160
Exception Attributes: array (
  'plugin' => 'DebugKit',
)
Stack Trace:
- CORE/src/Core/PluginCollection.php:288
- CORE/src/Core/PluginCollection.php:117
- CORE/src/Http/BaseApplication.php:191
- APP/Application.php:49
- CORE/src/Http/Server.php:123
- CORE/src/Http/Server.php:85
- ROOT/webroot/index.php:37
- [main]:

2025-09-20 13:51:30 error: [Cake\Core\Exception\MissingPluginException] Plugin `DebugKit` could not be found. in /opt/homebrew/var/www/cold-cortex/vendor/cakephp/cakephp/src/Core/PluginCollection.php on line 160
Exception Attributes: array (
  'plugin' => 'DebugKit',
)
Stack Trace:
- CORE/src/Core/PluginCollection.php:288
- CORE/src/Core/PluginCollection.php:117
- CORE/src/Http/BaseApplication.php:191
- APP/Application.php:49
- CORE/src/Http/Server.php:123
- CORE/src/Http/Server.php:85
- ROOT/webroot/index.php:37
- [main]:

2025-09-20 13:51:32 error: [Cake\Core\Exception\MissingPluginException] Plugin `DebugKit` could not be found. in /opt/homebrew/var/www/cold-cortex/vendor/cakephp/cakephp/src/Core/PluginCollection.php on line 160
Exception Attributes: array (
  'plugin' => 'DebugKit',
)
Stack Trace:
- CORE/src/Core/PluginCollection.php:288
- CORE/src/Core/PluginCollection.php:117
- CORE/src/Http/BaseApplication.php:191
- APP/Application.php:49
- CORE/src/Http/Server.php:123
- CORE/src/Http/Server.php:85
- ROOT/webroot/index.php:37
- [main]:

